[22604:34640:0507/171121.965:INFO:chrome_browser_cloud_management_controller.cc(202)] No machine level policy manager exists.
[22604:34640:0507/171124.945:INFO:CONSOLE(1)] "%c [object HTMLImageElement]", source: https://live.douyin.com/547977714661 (1)
[22604:34640:0507/171125.421:INFO:CONSOLE(5)] "A parser-blocking, cross site (i.e. different eTLD+1) script, https://lf-security.bytegoofy.com/obj/security-secsdk/runtime-stable.js, is invoked via document.write. The network request for this script MAY be blocked by the browser in this or a future page load due to poor network connectivity. If blocked in this page load, it will be confirmed in a subsequent console message. See https://www.chromestatus.com/feature/5718547946799104 for more details.", source: https://lf-security.bytegoofy.com/obj/security-secsdk/runtime.js (5)
[22604:34640:0507/171125.421:INFO:CONSOLE(5)] "A parser-blocking, cross site (i.e. different eTLD+1) script, https://lf-security.bytegoofy.com/obj/security-secsdk/runtime-stable.js, is invoked via document.write. The network request for this script MAY be blocked by the browser in this or a future page load due to poor network connectivity. If blocked in this page load, it will be confirmed in a subsequent console message. See https://www.chromestatus.com/feature/5718547946799104 for more details.", source: https://lf-security.bytegoofy.com/obj/security-secsdk/runtime.js (5)
[22604:34640:0507/171125.498:INFO:CONSOLE(5)] "A parser-blocking, cross site (i.e. different eTLD+1) script, https://lf-security.bytegoofy.com/obj/security-secsdk/config_39.js, is invoked via document.write. The network request for this script MAY be blocked by the browser in this or a future page load due to poor network connectivity. If blocked in this page load, it will be confirmed in a subsequent console message. See https://www.chromestatus.com/feature/5718547946799104 for more details.", source: https://lf-security.bytegoofy.com/obj/security-secsdk/runtime-stable.js (5)
[22604:34640:0507/171125.498:INFO:CONSOLE(5)] "A parser-blocking, cross site (i.e. different eTLD+1) script, https://lf-security.bytegoofy.com/obj/security-secsdk/config_39.js, is invoked via document.write. The network request for this script MAY be blocked by the browser in this or a future page load due to poor network connectivity. If blocked in this page load, it will be confirmed in a subsequent console message. See https://www.chromestatus.com/feature/5718547946799104 for more details.", source: https://lf-security.bytegoofy.com/obj/security-secsdk/runtime-stable.js (5)
[22604:34640:0507/171125.498:INFO:CONSOLE(5)] "A parser-blocking, cross site (i.e. different eTLD+1) script, https://lf-security.bytegoofy.com/obj/security-secsdk/project_39.js, is invoked via document.write. The network request for this script MAY be blocked by the browser in this or a future page load due to poor network connectivity. If blocked in this page load, it will be confirmed in a subsequent console message. See https://www.chromestatus.com/feature/5718547946799104 for more details.", source: https://lf-security.bytegoofy.com/obj/security-secsdk/runtime-stable.js (5)
[22604:34640:0507/171125.498:INFO:CONSOLE(5)] "A parser-blocking, cross site (i.e. different eTLD+1) script, https://lf-security.bytegoofy.com/obj/security-secsdk/strategy_39.js?v=1, is invoked via document.write. The network request for this script MAY be blocked by the browser in this or a future page load due to poor network connectivity. If blocked in this page load, it will be confirmed in a subsequent console message. See https://www.chromestatus.com/feature/5718547946799104 for more details.", source: https://lf-security.bytegoofy.com/obj/security-secsdk/runtime-stable.js (5)
[22604:34640:0507/171125.688:INFO:CONSOLE(209)] "ResizeObserver loop completed with undelivered notifications.", source: https://live.douyin.com/547977714661 (209)
[37324:32964:0507/171125.755:WARNING:angle_platform_impl.cc(54)] HLSLCompiler.cpp:250 (rx::HLSLCompiler::compileToBinary): 
C:\fakepath(137,3-70): warning X3557: loop only executes for 1 iteration(s), forcing loop to unroll

[22604:34640:0507/171125.952:INFO:CONSOLE(1)] "The PerformanceObserver does not support buffered flag with the entryTypes argument.", source: https://lf-webcast-platform.bytetos.com/obj/webcast-platform-cdn/webcast/douyin_live/client-entry.c940b020.js (1)
[22604:34640:0507/171126.246:INFO:CONSOLE(1)] "jsb JSB 已在别处删除", source: https://lf-webcast-platform.bytetos.com/obj/webcast-platform-cdn/webcast/douyin_live/chunks/5714.7e9ffa34.js (1)
[22604:34640:0507/171126.247:INFO:CONSOLE(1)] "jsb JSB 已在别处删除", source: https://lf-webcast-platform.bytetos.com/obj/webcast-platform-cdn/webcast/douyin_live/chunks/5714.7e9ffa34.js (1)
[22604:34640:0507/171126.247:INFO:CONSOLE(1)] "jsb JSB 已在别处删除", source: https://lf-webcast-platform.bytetos.com/obj/webcast-platform-cdn/webcast/douyin_live/chunks/5714.7e9ffa34.js (1)
[22604:34640:0507/171126.247:INFO:CONSOLE(1)] "jsb JSB 已在别处删除", source: https://lf-webcast-platform.bytetos.com/obj/webcast-platform-cdn/webcast/douyin_live/chunks/5714.7e9ffa34.js (1)
[22604:34640:0507/171126.247:INFO:CONSOLE(1)] "jsb JSB 已在别处删除", source: https://lf-webcast-platform.bytetos.com/obj/webcast-platform-cdn/webcast/douyin_live/chunks/5714.7e9ffa34.js (1)
[22604:34640:0507/171126.247:INFO:CONSOLE(1)] "jsb JSB 已在别处删除", source: https://lf-webcast-platform.bytetos.com/obj/webcast-platform-cdn/webcast/douyin_live/chunks/5714.7e9ffa34.js (1)
[22604:34640:0507/171126.247:INFO:CONSOLE(1)] "jsb JSB 已在别处删除", source: https://lf-webcast-platform.bytetos.com/obj/webcast-platform-cdn/webcast/douyin_live/chunks/5714.7e9ffa34.js (1)
[22604:34640:0507/171126.248:INFO:CONSOLE(1)] "jsb JSB 已在别处删除", source: https://lf-webcast-platform.bytetos.com/obj/webcast-platform-cdn/webcast/douyin_live/chunks/5714.7e9ffa34.js (1)
[22604:34640:0507/171126.248:INFO:CONSOLE(1)] "jsb JSB 已在别处删除", source: https://lf-webcast-platform.bytetos.com/obj/webcast-platform-cdn/webcast/douyin_live/chunks/5714.7e9ffa34.js (1)
[22604:34640:0507/171126.248:INFO:CONSOLE(1)] "jsb JSB 已在别处删除", source: https://lf-webcast-platform.bytetos.com/obj/webcast-platform-cdn/webcast/douyin_live/chunks/5714.7e9ffa34.js (1)
[22604:34640:0507/171126.248:INFO:CONSOLE(1)] "jsb JSB 已在别处删除", source: https://lf-webcast-platform.bytetos.com/obj/webcast-platform-cdn/webcast/douyin_live/chunks/5714.7e9ffa34.js (1)
[22604:34640:0507/171126.248:INFO:CONSOLE(1)] "jsb JSB 已在别处删除", source: https://lf-webcast-platform.bytetos.com/obj/webcast-platform-cdn/webcast/douyin_live/chunks/5714.7e9ffa34.js (1)
[22604:34640:0507/171126.249:INFO:CONSOLE(1)] "jsb JSB 已在别处删除", source: https://lf-webcast-platform.bytetos.com/obj/webcast-platform-cdn/webcast/douyin_live/chunks/5714.7e9ffa34.js (1)
[22604:34640:0507/171126.249:INFO:CONSOLE(1)] "jsb JSB 已在别处删除", source: https://lf-webcast-platform.bytetos.com/obj/webcast-platform-cdn/webcast/douyin_live/chunks/5714.7e9ffa34.js (1)
[22604:34640:0507/171126.249:INFO:CONSOLE(1)] "jsb JSB 已在别处删除", source: https://lf-webcast-platform.bytetos.com/obj/webcast-platform-cdn/webcast/douyin_live/chunks/5714.7e9ffa34.js (1)
[22604:34640:0507/171126.250:INFO:CONSOLE(1)] "jsb JSB 已在别处删除", source: https://lf-webcast-platform.bytetos.com/obj/webcast-platform-cdn/webcast/douyin_live/chunks/5714.7e9ffa34.js (1)
[22604:34640:0507/171126.250:INFO:CONSOLE(1)] "jsb JSB 已在别处删除", source: https://lf-webcast-platform.bytetos.com/obj/webcast-platform-cdn/webcast/douyin_live/chunks/5714.7e9ffa34.js (1)
[22604:34640:0507/171126.250:INFO:CONSOLE(1)] "jsb JSB 已在别处删除", source: https://lf-webcast-platform.bytetos.com/obj/webcast-platform-cdn/webcast/douyin_live/chunks/5714.7e9ffa34.js (1)
[22604:34640:0507/171126.250:INFO:CONSOLE(1)] "jsb JSB 已在别处删除", source: https://lf-webcast-platform.bytetos.com/obj/webcast-platform-cdn/webcast/douyin_live/chunks/5714.7e9ffa34.js (1)
[22604:34640:0507/171126.250:INFO:CONSOLE(1)] "jsb JSB 已在别处删除", source: https://lf-webcast-platform.bytetos.com/obj/webcast-platform-cdn/webcast/douyin_live/chunks/5714.7e9ffa34.js (1)
[22604:34640:0507/171126.250:INFO:CONSOLE(1)] "jsb JSB 已在别处删除", source: https://lf-webcast-platform.bytetos.com/obj/webcast-platform-cdn/webcast/douyin_live/chunks/5714.7e9ffa34.js (1)
[22604:34640:0507/171126.250:INFO:CONSOLE(1)] "jsb JSB 已在别处删除", source: https://lf-webcast-platform.bytetos.com/obj/webcast-platform-cdn/webcast/douyin_live/chunks/5714.7e9ffa34.js (1)
[22604:34640:0507/171126.250:INFO:CONSOLE(1)] "jsb JSB 已在别处删除", source: https://lf-webcast-platform.bytetos.com/obj/webcast-platform-cdn/webcast/douyin_live/chunks/5714.7e9ffa34.js (1)
[22604:34640:0507/171126.251:INFO:CONSOLE(1)] "jsb JSB 已在别处删除", source: https://lf-webcast-platform.bytetos.com/obj/webcast-platform-cdn/webcast/douyin_live/chunks/5714.7e9ffa34.js (1)
[22604:34640:0507/171126.251:INFO:CONSOLE(1)] "jsb JSB 已在别处删除", source: https://lf-webcast-platform.bytetos.com/obj/webcast-platform-cdn/webcast/douyin_live/chunks/5714.7e9ffa34.js (1)
[22604:34640:0507/171126.251:INFO:CONSOLE(1)] "jsb JSB 已在别处删除", source: https://lf-webcast-platform.bytetos.com/obj/webcast-platform-cdn/webcast/douyin_live/chunks/5714.7e9ffa34.js (1)
[22604:34640:0507/171126.251:INFO:CONSOLE(1)] "jsb JSB 已在别处删除", source: https://lf-webcast-platform.bytetos.com/obj/webcast-platform-cdn/webcast/douyin_live/chunks/5714.7e9ffa34.js (1)
[22604:34640:0507/171126.251:INFO:CONSOLE(1)] "jsb JSB 已在别处删除", source: https://lf-webcast-platform.bytetos.com/obj/webcast-platform-cdn/webcast/douyin_live/chunks/5714.7e9ffa34.js (1)
[22604:34640:0507/171126.251:INFO:CONSOLE(1)] "jsb JSB 已在别处删除", source: https://lf-webcast-platform.bytetos.com/obj/webcast-platform-cdn/webcast/douyin_live/chunks/5714.7e9ffa34.js (1)
[22604:34640:0507/171126.251:INFO:CONSOLE(1)] "jsb JSB 已在别处删除", source: https://lf-webcast-platform.bytetos.com/obj/webcast-platform-cdn/webcast/douyin_live/chunks/5714.7e9ffa34.js (1)
[22604:34640:0507/171126.251:INFO:CONSOLE(1)] "jsb JSB 已在别处删除", source: https://lf-webcast-platform.bytetos.com/obj/webcast-platform-cdn/webcast/douyin_live/chunks/5714.7e9ffa34.js (1)
[22604:34640:0507/171126.251:INFO:CONSOLE(1)] "jsb JSB 已在别处删除", source: https://lf-webcast-platform.bytetos.com/obj/webcast-platform-cdn/webcast/douyin_live/chunks/5714.7e9ffa34.js (1)
[22604:34640:0507/171126.251:INFO:CONSOLE(1)] "jsb JSB 已在别处删除", source: https://lf-webcast-platform.bytetos.com/obj/webcast-platform-cdn/webcast/douyin_live/chunks/5714.7e9ffa34.js (1)
[22604:34640:0507/171126.589:INFO:CONSOLE(1)] "Error: <svg> attribute viewBox: Unexpected end of attribute. Expected number, "24".", source: https://lf-webcast-platform.bytetos.com/obj/webcast-platform-cdn/webcast/douyin_live/9656.bc885f54.js (1)
[22604:34640:0507/171126.689:INFO:CONSOLE(0)] "Banner not shown: beforeinstallpromptevent.preventDefault() called. The page must call beforeinstallpromptevent.prompt() to show the banner.", source: https://live.douyin.com/547977714661 (0)
[22604:34640:0507/171126.759:WARNING:capture_device_ranking.h(255)] Can't initialize the value of media.audio_input.user_preference_ranking because media.default_audio_capture_device isn't registered or is empty
[22604:34640:0507/171126.759:WARNING:capture_device_ranking.h(255)] Can't initialize the value of media.video_input.user_preference_ranking because media.default_video_capture_Device isn't registered or is empty
[22604:34640:0507/171126.762:INFO:CONSOLE(2)] "%c [object HTMLImageElement]", source: https://lf-c-flwb.bytetos.com/obj/rc-client-security/c-webmssdk/1.0.0.53/webmssdk.es5.js (2)
[22604:34640:0507/171129.417:INFO:CONSOLE(1)] "Error: <svg> attribute viewBox: Unexpected end of attribute. Expected number, "24".", source: https://lf-webcast-platform.bytetos.com/obj/webcast-platform-cdn/webcast/douyin_live/9656.bc885f54.js (1)
[2204:36956:0507/171129.872:WARNING:spdy_session.cc(2980)] Received HEADERS for invalid stream 3
[2204:33424:0507/171129.964:WARNING:sqlite_persistent_store_backend_base.cc(176)] Failed to post task from FlushAndNotifyInBackground@net\extras\sqlite\sqlite_persistent_store_backend_base.cc:226 to client_task_runner_.
[2204:33424:0507/171129.964:WARNING:sqlite_persistent_store_backend_base.cc(176)] Failed to post task from FlushAndNotifyInBackground@net\extras\sqlite\sqlite_persistent_store_backend_base.cc:226 to client_task_runner_.
