[61176:49028:0513/181718.379:INFO:chrome_browser_cloud_management_controller.cc(202)] No machine level policy manager exists.
[61176:49028:0513/181719.162:INFO:CONSOLE(5)] "TypeError: Failed to construct 'URL': Invalid URL", source:  (5)
[61176:49028:0513/181719.253:INFO:CONSOLE(209)] "ResizeObserver loop completed with undelivered notifications.", source: https://live.douyin.com/547977714661 (209)
[61176:49028:0513/181719.551:INFO:CONSOLE(1)] "%c[xgplayer] color: #525252; background-color: yellow;  >>>>playPromise.catch NotAllowedError", source: https://lf-webcast-platform.bytetos.com/obj/webcast-platform-cdn/webcast/douyin_live/libs/inline-player.51859aed.js (1)
[61176:49028:0513/181719.643:INFO:CONSOLE(1)] "The PerformanceObserver does not support buffered flag with the entryTypes argument.", source: https://lf-webcast-platform.bytetos.com/obj/webcast-platform-cdn/webcast/douyin_live/client-entry.cebee691.js (1)
[61176:49028:0513/181719.922:INFO:CONSOLE(1)] "jsb JSB 已在别处删除", source: https://lf-webcast-platform.bytetos.com/obj/webcast-platform-cdn/webcast/douyin_live/chunks/3188.8b133b6c.js (1)
[61176:49028:0513/181719.922:INFO:CONSOLE(1)] "jsb JSB 已在别处删除", source: https://lf-webcast-platform.bytetos.com/obj/webcast-platform-cdn/webcast/douyin_live/chunks/3188.8b133b6c.js (1)
[61176:49028:0513/181719.922:INFO:CONSOLE(1)] "jsb JSB 已在别处删除", source: https://lf-webcast-platform.bytetos.com/obj/webcast-platform-cdn/webcast/douyin_live/chunks/3188.8b133b6c.js (1)
[61176:49028:0513/181719.922:INFO:CONSOLE(1)] "jsb JSB 已在别处删除", source: https://lf-webcast-platform.bytetos.com/obj/webcast-platform-cdn/webcast/douyin_live/chunks/3188.8b133b6c.js (1)
[61176:49028:0513/181719.922:INFO:CONSOLE(1)] "jsb JSB 已在别处删除", source: https://lf-webcast-platform.bytetos.com/obj/webcast-platform-cdn/webcast/douyin_live/chunks/3188.8b133b6c.js (1)
[61176:49028:0513/181719.922:INFO:CONSOLE(1)] "jsb JSB 已在别处删除", source: https://lf-webcast-platform.bytetos.com/obj/webcast-platform-cdn/webcast/douyin_live/chunks/3188.8b133b6c.js (1)
[61176:49028:0513/181719.922:INFO:CONSOLE(1)] "jsb JSB 已在别处删除", source: https://lf-webcast-platform.bytetos.com/obj/webcast-platform-cdn/webcast/douyin_live/chunks/3188.8b133b6c.js (1)
[61176:49028:0513/181719.923:INFO:CONSOLE(1)] "jsb JSB 已在别处删除", source: https://lf-webcast-platform.bytetos.com/obj/webcast-platform-cdn/webcast/douyin_live/chunks/3188.8b133b6c.js (1)
[61176:49028:0513/181719.923:INFO:CONSOLE(1)] "jsb JSB 已在别处删除", source: https://lf-webcast-platform.bytetos.com/obj/webcast-platform-cdn/webcast/douyin_live/chunks/3188.8b133b6c.js (1)
[61176:49028:0513/181719.923:INFO:CONSOLE(1)] "jsb JSB 已在别处删除", source: https://lf-webcast-platform.bytetos.com/obj/webcast-platform-cdn/webcast/douyin_live/chunks/3188.8b133b6c.js (1)
[61176:49028:0513/181719.923:INFO:CONSOLE(1)] "jsb JSB 已在别处删除", source: https://lf-webcast-platform.bytetos.com/obj/webcast-platform-cdn/webcast/douyin_live/chunks/3188.8b133b6c.js (1)
[61176:49028:0513/181719.923:INFO:CONSOLE(1)] "jsb JSB 已在别处删除", source: https://lf-webcast-platform.bytetos.com/obj/webcast-platform-cdn/webcast/douyin_live/chunks/3188.8b133b6c.js (1)
[61176:49028:0513/181719.923:INFO:CONSOLE(1)] "jsb JSB 已在别处删除", source: https://lf-webcast-platform.bytetos.com/obj/webcast-platform-cdn/webcast/douyin_live/chunks/3188.8b133b6c.js (1)
[61176:49028:0513/181719.923:INFO:CONSOLE(1)] "jsb JSB 已在别处删除", source: https://lf-webcast-platform.bytetos.com/obj/webcast-platform-cdn/webcast/douyin_live/chunks/3188.8b133b6c.js (1)
[61176:49028:0513/181719.924:INFO:CONSOLE(1)] "jsb JSB 已在别处删除", source: https://lf-webcast-platform.bytetos.com/obj/webcast-platform-cdn/webcast/douyin_live/chunks/3188.8b133b6c.js (1)
[61176:49028:0513/181719.924:INFO:CONSOLE(1)] "jsb JSB 已在别处删除", source: https://lf-webcast-platform.bytetos.com/obj/webcast-platform-cdn/webcast/douyin_live/chunks/3188.8b133b6c.js (1)
[61176:49028:0513/181719.924:INFO:CONSOLE(1)] "jsb JSB 已在别处删除", source: https://lf-webcast-platform.bytetos.com/obj/webcast-platform-cdn/webcast/douyin_live/chunks/3188.8b133b6c.js (1)
[61176:49028:0513/181719.924:INFO:CONSOLE(1)] "jsb JSB 已在别处删除", source: https://lf-webcast-platform.bytetos.com/obj/webcast-platform-cdn/webcast/douyin_live/chunks/3188.8b133b6c.js (1)
[61176:49028:0513/181719.925:INFO:CONSOLE(1)] "jsb JSB 已在别处删除", source: https://lf-webcast-platform.bytetos.com/obj/webcast-platform-cdn/webcast/douyin_live/chunks/3188.8b133b6c.js (1)
[61176:49028:0513/181719.925:INFO:CONSOLE(1)] "jsb JSB 已在别处删除", source: https://lf-webcast-platform.bytetos.com/obj/webcast-platform-cdn/webcast/douyin_live/chunks/3188.8b133b6c.js (1)
[61176:49028:0513/181719.925:INFO:CONSOLE(1)] "jsb JSB 已在别处删除", source: https://lf-webcast-platform.bytetos.com/obj/webcast-platform-cdn/webcast/douyin_live/chunks/3188.8b133b6c.js (1)
[61176:49028:0513/181719.925:INFO:CONSOLE(1)] "jsb JSB 已在别处删除", source: https://lf-webcast-platform.bytetos.com/obj/webcast-platform-cdn/webcast/douyin_live/chunks/3188.8b133b6c.js (1)
[61176:49028:0513/181719.925:INFO:CONSOLE(1)] "jsb JSB 已在别处删除", source: https://lf-webcast-platform.bytetos.com/obj/webcast-platform-cdn/webcast/douyin_live/chunks/3188.8b133b6c.js (1)
[61176:49028:0513/181719.926:INFO:CONSOLE(1)] "jsb JSB 已在别处删除", source: https://lf-webcast-platform.bytetos.com/obj/webcast-platform-cdn/webcast/douyin_live/chunks/3188.8b133b6c.js (1)
[61176:49028:0513/181719.926:INFO:CONSOLE(1)] "jsb JSB 已在别处删除", source: https://lf-webcast-platform.bytetos.com/obj/webcast-platform-cdn/webcast/douyin_live/chunks/3188.8b133b6c.js (1)
[61176:49028:0513/181719.926:INFO:CONSOLE(1)] "jsb JSB 已在别处删除", source: https://lf-webcast-platform.bytetos.com/obj/webcast-platform-cdn/webcast/douyin_live/chunks/3188.8b133b6c.js (1)
[61176:49028:0513/181719.926:INFO:CONSOLE(1)] "jsb JSB 已在别处删除", source: https://lf-webcast-platform.bytetos.com/obj/webcast-platform-cdn/webcast/douyin_live/chunks/3188.8b133b6c.js (1)
[61176:49028:0513/181719.926:INFO:CONSOLE(1)] "jsb JSB 已在别处删除", source: https://lf-webcast-platform.bytetos.com/obj/webcast-platform-cdn/webcast/douyin_live/chunks/3188.8b133b6c.js (1)
[61176:49028:0513/181719.927:INFO:CONSOLE(1)] "jsb JSB 已在别处删除", source: https://lf-webcast-platform.bytetos.com/obj/webcast-platform-cdn/webcast/douyin_live/chunks/3188.8b133b6c.js (1)
[61176:49028:0513/181719.927:INFO:CONSOLE(1)] "jsb JSB 已在别处删除", source: https://lf-webcast-platform.bytetos.com/obj/webcast-platform-cdn/webcast/douyin_live/chunks/3188.8b133b6c.js (1)
[61176:49028:0513/181719.927:INFO:CONSOLE(1)] "jsb JSB 已在别处删除", source: https://lf-webcast-platform.bytetos.com/obj/webcast-platform-cdn/webcast/douyin_live/chunks/3188.8b133b6c.js (1)
[61176:49028:0513/181719.927:INFO:CONSOLE(1)] "jsb JSB 已在别处删除", source: https://lf-webcast-platform.bytetos.com/obj/webcast-platform-cdn/webcast/douyin_live/chunks/3188.8b133b6c.js (1)
[61176:49028:0513/181719.927:INFO:CONSOLE(1)] "jsb JSB 已在别处删除", source: https://lf-webcast-platform.bytetos.com/obj/webcast-platform-cdn/webcast/douyin_live/chunks/3188.8b133b6c.js (1)
[61176:49028:0513/181720.044:INFO:CONSOLE(0)] "Banner not shown: beforeinstallpromptevent.preventDefault() called. The page must call beforeinstallpromptevent.prompt() to show the banner.", source: https://live.douyin.com/547977714661 (0)
[61176:49028:0513/181720.286:INFO:CONSOLE(2)] "%c [object HTMLImageElement]", source: https://lf-c-flwb.bytetos.com/obj/rc-client-security/c-webmssdk/1.0.0.53/webmssdk.es5.js (2)
[61176:49028:0513/181720.298:WARNING:capture_device_ranking.h(255)] Can't initialize the value of media.audio_input.user_preference_ranking because media.default_audio_capture_device isn't registered or is empty
[61176:49028:0513/181720.298:WARNING:capture_device_ranking.h(255)] Can't initialize the value of media.video_input.user_preference_ranking because media.default_video_capture_Device isn't registered or is empty
[61176:49028:0513/181720.327:INFO:CONSOLE(1)] "Error: <svg> attribute viewBox: Unexpected end of attribute. Expected number, "24".", source: https://lf-webcast-platform.bytetos.com/obj/webcast-platform-cdn/webcast/douyin_live/9656.bc885f54.js (1)
[45036:42184:0513/181721.215:INFO:peer_connection_dependency_factory.cc(802)] Running WebRTC with a combined Network and Worker thread.
[45036:42184:0513/181721.216:WARNING:codec.cc(386)] Explicitly added H264 constrained baseline to list of supported formats.
[61176:49028:0513/181726.876:INFO:CONSOLE(1)] "Error: <svg> attribute viewBox: Unexpected end of attribute. Expected number, "24".", source: https://lf-webcast-platform.bytetos.com/obj/webcast-platform-cdn/webcast/douyin_live/9656.bc885f54.js (1)
[61176:49028:0513/181730.538:INFO:CONSOLE(1)] "eventName is null， please check", source: https://lf-static.applogcdn.com/obj/applog-sdk-static/log-sdk/collect/5/collect.zip.js (1)
[61176:49028:0513/181832.490:INFO:CONSOLE(1)] "Error: <svg> attribute viewBox: Unexpected end of attribute. Expected number, "24".", source: https://lf-webcast-platform.bytetos.com/obj/webcast-platform-cdn/webcast/douyin_live/9656.bc885f54.js (1)
